<?xml version="1.0" encoding="UTF-8"?>
<testsuite name="com.web.relocation.RelocationApplicationTests" tests="1" skipped="0" failures="0" errors="0" timestamp="2022-01-11T03:03:55" hostname="MacBook-Pro-2.local" time="0.114">
  <properties/>
  <testcase name="contextLoads()" classname="com.web.relocation.RelocationApplicationTests" time="0.114"/>
  <system-out><![CDATA[12:03:43.240 [Test worker] DEBUG org.springframework.test.context.BootstrapUtils - Instantiating CacheAwareContextLoaderDelegate from class [org.springframework.test.context.cache.DefaultCacheAwareContextLoaderDelegate]
12:03:43.251 [Test worker] DEBUG org.springframework.test.context.BootstrapUtils - Instantiating BootstrapContext using constructor [public org.springframework.test.context.support.DefaultBootstrapContext(java.lang.Class,org.springframework.test.context.CacheAwareContextLoaderDelegate)]
12:03:43.285 [Test worker] DEBUG org.springframework.test.context.BootstrapUtils - Instantiating TestContextBootstrapper for test class [com.web.relocation.RelocationApplicationTests] from class [org.springframework.boot.test.context.SpringBootTestContextBootstrapper]
12:03:43.296 [Test worker] INFO org.springframework.boot.test.context.SpringBootTestContextBootstrapper - Neither @ContextConfiguration nor @ContextHierarchy found for test class [com.web.relocation.RelocationApplicationTests], using SpringBootContextLoader
12:03:43.300 [Test worker] DEBUG org.springframework.test.context.support.AbstractContextLoader - Did not detect default resource location for test class [com.web.relocation.RelocationApplicationTests]: class path resource [com/web/relocation/RelocationApplicationTests-context.xml] does not exist
12:03:43.301 [Test worker] DEBUG org.springframework.test.context.support.AbstractContextLoader - Did not detect default resource location for test class [com.web.relocation.RelocationApplicationTests]: class path resource [com/web/relocation/RelocationApplicationTestsContext.groovy] does not exist
12:03:43.301 [Test worker] INFO org.springframework.test.context.support.AbstractContextLoader - Could not detect default resource locations for test class [com.web.relocation.RelocationApplicationTests]: no resource found for suffixes {-context.xml, Context.groovy}.
12:03:43.302 [Test worker] INFO org.springframework.test.context.support.AnnotationConfigContextLoaderUtils - Could not detect default configuration classes for test class [com.web.relocation.RelocationApplicationTests]: RelocationApplicationTests does not declare any static, non-private, non-final, nested classes annotated with @Configuration.
12:03:43.351 [Test worker] DEBUG org.springframework.test.context.support.ActiveProfilesUtils - Could not find an 'annotation declaring class' for annotation type [org.springframework.test.context.ActiveProfiles] and class [com.web.relocation.RelocationApplicationTests]
12:03:43.415 [Test worker] DEBUG org.springframework.context.annotation.ClassPathScanningCandidateComponentProvider - Identified candidate component class: file [/Users/hym/Desktop/javaRoot/relocation-web/build/classes/java/main/com/web/relocation/RelocationApplication.class]
12:03:43.417 [Test worker] INFO org.springframework.boot.test.context.SpringBootTestContextBootstrapper - Found @SpringBootConfiguration com.web.relocation.RelocationApplication for test class com.web.relocation.RelocationApplicationTests
12:03:43.530 [Test worker] DEBUG org.springframework.boot.test.context.SpringBootTestContextBootstrapper - @TestExecutionListeners is not present for class [com.web.relocation.RelocationApplicationTests]: using defaults.
12:03:43.531 [Test worker] INFO org.springframework.boot.test.context.SpringBootTestContextBootstrapper - Loaded default TestExecutionListener class names from location [META-INF/spring.factories]: [org.springframework.security.test.context.support.WithSecurityContextTestExecutionListener, org.springframework.security.test.context.support.ReactorContextTestExecutionListener, org.springframework.boot.test.autoconfigure.restdocs.RestDocsTestExecutionListener, org.springframework.boot.test.autoconfigure.web.client.MockRestServiceServerResetTestExecutionListener, org.springframework.boot.test.autoconfigure.web.servlet.MockMvcPrintOnlyOnFailureTestExecutionListener, org.springframework.boot.test.autoconfigure.web.servlet.WebDriverTestExecutionListener, org.springframework.boot.test.autoconfigure.webservices.client.MockWebServiceServerTestExecutionListener, org.springframework.boot.test.mock.mockito.MockitoTestExecutionListener, org.springframework.boot.test.mock.mockito.ResetMocksTestExecutionListener, org.springframework.test.context.web.ServletTestExecutionListener, org.springframework.test.context.support.DirtiesContextBeforeModesTestExecutionListener, org.springframework.test.context.event.ApplicationEventsTestExecutionListener, org.springframework.test.context.support.DependencyInjectionTestExecutionListener, org.springframework.test.context.support.DirtiesContextTestExecutionListener, org.springframework.test.context.transaction.TransactionalTestExecutionListener, org.springframework.test.context.jdbc.SqlScriptsTestExecutionListener, org.springframework.test.context.event.EventPublishingTestExecutionListener]
12:03:43.555 [Test worker] INFO org.springframework.boot.test.context.SpringBootTestContextBootstrapper - Using TestExecutionListeners: [org.springframework.test.context.web.ServletTestExecutionListener@31c269fd, org.springframework.test.context.support.DirtiesContextBeforeModesTestExecutionListener@372b0d86, org.springframework.test.context.event.ApplicationEventsTestExecutionListener@47747fb9, org.springframework.boot.test.mock.mockito.MockitoTestExecutionListener@3113a37, org.springframework.boot.test.autoconfigure.SpringBootDependencyInjectionTestExecutionListener@213e3629, org.springframework.test.context.support.DirtiesContextTestExecutionListener@4e9658b5, org.springframework.test.context.transaction.TransactionalTestExecutionListener@2a7b6f69, org.springframework.test.context.jdbc.SqlScriptsTestExecutionListener@20312893, org.springframework.security.test.context.support.WithSecurityContextTestExecutionListener@70eecdc2, org.springframework.test.context.event.EventPublishingTestExecutionListener@c41709a, org.springframework.security.test.context.support.ReactorContextTestExecutionListener@7db0565c, org.springframework.boot.test.autoconfigure.restdocs.RestDocsTestExecutionListener@54ec8cc9, org.springframework.boot.test.autoconfigure.web.client.MockRestServiceServerResetTestExecutionListener@52eacb4b, org.springframework.boot.test.autoconfigure.web.servlet.MockMvcPrintOnlyOnFailureTestExecutionListener@5528a42c, org.springframework.boot.test.autoconfigure.web.servlet.WebDriverTestExecutionListener@2a551a63, org.springframework.boot.test.autoconfigure.webservices.client.MockWebServiceServerTestExecutionListener@1a6f5124, org.springframework.boot.test.mock.mockito.ResetMocksTestExecutionListener@1edb61b1]
12:03:43.559 [Test worker] DEBUG org.springframework.test.context.support.AbstractDirtiesContextTestExecutionListener - Before test class: context [DefaultTestContext@324dcd31 testClass = RelocationApplicationTests, testInstance = [null], testMethod = [null], testException = [null], mergedContextConfiguration = [WebMergedContextConfiguration@503d56b5 testClass = RelocationApplicationTests, locations = '{}', classes = '{class com.web.relocation.RelocationApplication}', contextInitializerClasses = '[]', activeProfiles = '{}', propertySourceLocations = '{}', propertySourceProperties = '{org.springframework.boot.test.context.SpringBootTestContextBootstrapper=true}', contextCustomizers = set[org.springframework.boot.test.autoconfigure.actuate.metrics.MetricsExportContextCustomizerFactory$DisableMetricExportContextCustomizer@bff34c6, org.springframework.boot.test.autoconfigure.properties.PropertyMappingContextCustomizer@0, org.springframework.boot.test.autoconfigure.web.servlet.WebDriverContextCustomizerFactory$Customizer@655f7ea, org.springframework.boot.test.context.filter.ExcludeFilterContextCustomizer@20a14b55, org.springframework.boot.test.json.DuplicateJsonObjectContextCustomizerFactory$DuplicateJsonObjectContextCustomizer@a202ccb, org.springframework.boot.test.mock.mockito.MockitoContextCustomizer@0, org.springframework.boot.test.web.client.TestRestTemplateContextCustomizer@abf688e, org.springframework.boot.test.context.SpringBootTestArgs@1, org.springframework.boot.test.context.SpringBootTestWebEnvironment@78fa769e], resourceBasePath = 'src/main/webapp', contextLoader = 'org.springframework.boot.test.context.SpringBootContextLoader', parent = [null]], attributes = map['org.springframework.test.context.web.ServletTestExecutionListener.activateListener' -> true]], class annotated with @DirtiesContext [false] with mode [null].
12:03:43.598 [Test worker] DEBUG org.springframework.test.context.support.TestPropertySourceUtils - Adding inlined properties to environment: {spring.jmx.enabled=false, org.springframework.boot.test.context.SpringBootTestContextBootstrapper=true}

  .   ____          _            __ _ _
 /\\ / ___'_ __ _ _(_)_ __  __ _ \ \ \ \
( ( )\___ | '_ | '_| | '_ \/ _` | \ \ \ \
 \\/  ___)| |_)| | | | | || (_| |  ) ) ) )
  '  |____| .__|_| |_|_| |_\__, | / / / /
 =========|_|==============|___/=/_/_/_/
 :: Spring Boot ::                (v2.5.1)

INFO  22-01-11 12:03:49[Test worker] [RelocationApplicationTests:55] - Starting RelocationApplicationTests using Java 11.0.11 on MacBook-Pro-2.local with PID 38959 (started by godo in /Users/hym/Desktop/javaRoot/relocation-web)
INFO  22-01-11 12:03:49[Test worker] [RelocationApplicationTests:659] - No active profile set, falling back to default profiles: default
INFO  22-01-11 12:03:50[Test worker] [RepositoryConfigurationDelegate:262] - Multiple Spring Data modules found, entering strict repository configuration mode!
INFO  22-01-11 12:03:50[Test worker] [RepositoryConfigurationDelegate:132] - Bootstrapping Spring Data JPA repositories in DEFAULT mode.
INFO  22-01-11 12:03:50[Test worker] [RepositoryConfigurationDelegate:201] - Finished Spring Data repository scanning in 69 ms. Found 2 JPA repository interfaces.
INFO  22-01-11 12:03:50[Test worker] [PostProcessorRegistrationDelegate$BeanPostProcessorChecker:376] - Bean 'org.springframework.ws.config.annotation.DelegatingWsConfiguration' of type [org.springframework.ws.config.annotation.DelegatingWsConfiguration$$EnhancerBySpringCGLIB$$d2670470] is not eligible for getting processed by all BeanPostProcessors (for example: not eligible for auto-proxying)
INFO  22-01-11 12:03:50[Test worker] [AnnotationActionEndpointMapping:239] - Supporting [WS-Addressing August 2004, WS-Addressing 1.0]
INFO  22-01-11 12:03:50[Test worker] [HikariDataSource:110] - HikariPool-1 - Starting...
INFO  22-01-11 12:03:51[Test worker] [HikariDataSource:123] - HikariPool-1 - Start completed.
INFO  22-01-11 12:03:51[Test worker] [LogHelper:31] - HHH000204: Processing PersistenceUnitInfo [name: default]
INFO  22-01-11 12:03:51[Test worker] [Version:44] - HHH000412: Hibernate ORM core version 5.4.32.Final
INFO  22-01-11 12:03:52[Test worker] [Version:56] - HCANN000001: Hibernate Commons Annotations {5.1.2.Final}
INFO  22-01-11 12:03:52[Test worker] [Dialect:175] - HHH000400: Using dialect: org.hibernate.dialect.MySQL5InnoDBDialect
INFO  22-01-11 12:03:53[Test worker] [JtaPlatformInitiator:52] - HHH000490: Using JtaPlatform implementation: [org.hibernate.engine.transaction.jta.platform.internal.NoJtaPlatform]
INFO  22-01-11 12:03:53[Test worker] [LocalContainerEntityManagerFactoryBean:437] - Initialized JPA EntityManagerFactory for persistence unit 'default'
WARN  22-01-11 12:03:53[Test worker] [JpaBaseConfiguration$JpaWebConfiguration:219] - spring.jpa.open-in-view is enabled by default. Therefore, database queries may be performed during view rendering. Explicitly configure spring.jpa.open-in-view to disable this warning
INFO  22-01-11 12:03:54[Test worker] [DefaultSecurityFilterChain:51] - Will secure Ant [pattern='resources/static/css/**'] with []
INFO  22-01-11 12:03:54[Test worker] [DefaultSecurityFilterChain:51] - Will secure Ant [pattern='resources/static/js/**'] with []
INFO  22-01-11 12:03:54[Test worker] [DefaultSecurityFilterChain:51] - Will secure Ant [pattern='resources/static/img/**'] with []
INFO  22-01-11 12:03:54[Test worker] [DefaultSecurityFilterChain:51] - Will secure any request with [org.springframework.security.web.context.request.async.WebAsyncManagerIntegrationFilter@57f83dc7, org.springframework.security.web.context.SecurityContextPersistenceFilter@5e9a9683, org.springframework.security.web.header.HeaderWriterFilter@6238b10a, org.springframework.security.web.authentication.logout.LogoutFilter@25ee3cd6, org.springframework.security.web.authentication.UsernamePasswordAuthenticationFilter@58e9e852, org.springframework.security.web.session.ConcurrentSessionFilter@6a35cccf, org.springframework.security.web.authentication.www.BasicAuthenticationFilter@12f32f99, org.springframework.security.web.savedrequest.RequestCacheAwareFilter@2a8081f5, org.springframework.security.web.servletapi.SecurityContextHolderAwareRequestFilter@50ac63b2, org.springframework.security.web.authentication.AnonymousAuthenticationFilter@75937998, org.springframework.security.web.session.SessionManagementFilter@71d0ad00, org.springframework.security.web.access.ExceptionTranslationFilter@74214ac3, org.springframework.security.web.access.intercept.FilterSecurityInterceptor@51f31fad]
INFO  22-01-11 12:03:54[Test worker] [WelcomePageHandlerMapping:57] - Adding welcome page template: index
INFO  22-01-11 12:03:55[Test worker] [EndpointLinksResolver:58] - Exposing 1 endpoint(s) beneath base path '/actuator'
INFO  22-01-11 12:03:55[Test worker] [RelocationApplicationTests:61] - Started RelocationApplicationTests in 11.556 seconds (JVM running for 12.849)
>>>> 스프링부트 러너  <<<< 
스프링 부트 애플리케이션 구동시 시작되는 프로그램을 살펴보자
org.springframework.boot.test.mock.mockito.MockitoPostProcessor$SpyPostProcessor
org.springframework.boot.test.mock.mockito.MockitoPostProcessor
org.springframework.context.annotation.internalConfigurationAnnotationProcessor
org.springframework.context.annotation.internalAutowiredAnnotationProcessor
org.springframework.context.annotation.internalCommonAnnotationProcessor
org.springframework.context.annotation.internalPersistenceAnnotationProcessor
org.springframework.context.event.internalEventListenerProcessor
org.springframework.context.event.internalEventListenerFactory
relocationApplication
org.springframework.boot.autoconfigure.internalCachingMetadataReaderFactory
relocationWebRootConfig
relocationWebServletConfig
webSecurityConfig
accountController
adminController
homeController
menuController
testController
loginFailureHandler
loginSuccessHandler
accountService
menuService
hibernateConfig
multipartResolver
modelMapper
org.springframework.security.config.annotation.configuration.ObjectPostProcessorConfiguration
objectPostProcessor
org.springframework.security.config.annotation.authentication.configuration.AuthenticationConfiguration
authenticationManagerBuilder
enableGlobalAuthenticationAutowiredConfigurer
initializeUserDetailsBeanManagerConfigurer
initializeAuthenticationProviderBeanManagerConfigurer
org.springframework.security.config.annotation.web.configuration.WebSecurityConfiguration
delegatingApplicationListener
webSecurityExpressionHandler
springSecurityFilterChain
privilegeEvaluator
conversionServicePostProcessor
autowiredWebSecurityConfigurersIgnoreParents
org.springframework.security.config.annotation.web.configuration.WebMvcSecurityConfiguration
requestDataValueProcessor
org.springframework.security.config.annotation.web.configuration.HttpSecurityConfiguration
org.springframework.security.config.annotation.web.configuration.HttpSecurityConfiguration.httpSecurity
sessionRegistry
httpSessionEventPublisher
passwordEncoder
commandLineRunner
org.springframework.boot.autoconfigure.AutoConfigurationPackages
org.springframework.boot.autoconfigure.domain.EntityScanPackages
org.springframework.boot.autoconfigure.context.PropertyPlaceholderAutoConfiguration
propertySourcesPlaceholderConfigurer
org.springframework.boot.autoconfigure.websocket.servlet.WebSocketServletAutoConfiguration$TomcatWebSocketConfiguration
websocketServletWebServerCustomizer
org.springframework.boot.autoconfigure.websocket.servlet.WebSocketServletAutoConfiguration
org.springframework.boot.autoconfigure.web.servlet.ServletWebServerFactoryConfiguration$EmbeddedTomcat
tomcatServletWebServerFactory
org.springframework.boot.autoconfigure.web.servlet.ServletWebServerFactoryAutoConfiguration
servletWebServerFactoryCustomizer
tomcatServletWebServerFactoryCustomizer
org.springframework.boot.context.properties.ConfigurationPropertiesBindingPostProcessor
org.springframework.boot.context.internalConfigurationPropertiesBinderFactory
org.springframework.boot.context.internalConfigurationPropertiesBinder
org.springframework.boot.context.properties.BoundConfigurationProperties
org.springframework.boot.context.properties.EnableConfigurationPropertiesRegistrar.methodValidationExcludeFilter
server-org.springframework.boot.autoconfigure.web.ServerProperties
webServerFactoryCustomizerBeanPostProcessor
errorPageRegistrarBeanPostProcessor
org.springframework.boot.autoconfigure.web.servlet.DispatcherServletAutoConfiguration$DispatcherServletConfiguration
dispatcherServlet
spring.mvc-org.springframework.boot.autoconfigure.web.servlet.WebMvcProperties
org.springframework.boot.autoconfigure.web.servlet.DispatcherServletAutoConfiguration$DispatcherServletRegistrationConfiguration
dispatcherServletRegistration
org.springframework.boot.autoconfigure.web.servlet.DispatcherServletAutoConfiguration
org.springframework.boot.autoconfigure.task.TaskExecutionAutoConfiguration
taskExecutorBuilder
applicationTaskExecutor
spring.task.execution-org.springframework.boot.autoconfigure.task.TaskExecutionProperties
org.springframework.boot.autoconfigure.web.servlet.error.ErrorMvcAutoConfiguration$WhitelabelErrorViewConfiguration
error
beanNameViewResolver
org.springframework.boot.autoconfigure.web.servlet.error.ErrorMvcAutoConfiguration$DefaultErrorViewResolverConfiguration
conventionErrorViewResolver
spring.web-org.springframework.boot.autoconfigure.web.WebProperties
spring.resources-org.springframework.boot.autoconfigure.web.ResourceProperties
org.springframework.boot.autoconfigure.web.servlet.error.ErrorMvcAutoConfiguration
errorAttributes
basicErrorController
errorPageCustomizer
preserveErrorControllerTargetClassPostProcessor
org.springframework.boot.autoconfigure.web.servlet.WebMvcAutoConfiguration$EnableWebMvcConfiguration
requestMappingHandlerAdapter
requestMappingHandlerMapping
welcomePageHandlerMapping
localeResolver
themeResolver
flashMapManager
mvcConversionService
mvcValidator
mvcContentNegotiationManager
mvcPatternParser
mvcUrlPathHelper
mvcPathMatcher
viewControllerHandlerMapping
beanNameHandlerMapping
routerFunctionMapping
resourceHandlerMapping
mvcResourceUrlProvider
defaultServletHandlerMapping
handlerFunctionAdapter
mvcUriComponentsContributor
httpRequestHandlerAdapter
simpleControllerHandlerAdapter
handlerExceptionResolver
mvcViewResolver
mvcHandlerMappingIntrospector
viewNameTranslator
org.springframework.boot.autoconfigure.web.servlet.WebMvcAutoConfiguration$WebMvcAutoConfigurationAdapter
defaultViewResolver
viewResolver
requestContextFilter
org.springframework.boot.autoconfigure.web.servlet.WebMvcAutoConfiguration
formContentFilter
org.springframework.boot.autoconfigure.availability.ApplicationAvailabilityAutoConfiguration
applicationAvailability
org.springframework.boot.actuate.autoconfigure.availability.AvailabilityHealthContributorAutoConfiguration
org.springframework.boot.autoconfigure.jackson.JacksonAutoConfiguration$Jackson2ObjectMapperBuilderCustomizerConfiguration
standardJacksonObjectMapperBuilderCustomizer
spring.jackson-org.springframework.boot.autoconfigure.jackson.JacksonProperties
org.springframework.boot.autoconfigure.jackson.JacksonAutoConfiguration$JacksonObjectMapperBuilderConfiguration
jacksonObjectMapperBuilder
org.springframework.boot.autoconfigure.jackson.JacksonAutoConfiguration$ParameterNamesModuleConfiguration
parameterNamesModule
org.springframework.boot.autoconfigure.jackson.JacksonAutoConfiguration$JacksonObjectMapperConfiguration
jacksonObjectMapper
org.springframework.boot.autoconfigure.jackson.JacksonAutoConfiguration
jsonComponentModule
org.springframework.boot.autoconfigure.transaction.jta.JtaAutoConfiguration
org.springframework.boot.autoconfigure.jdbc.DataSourceConfiguration$Hikari
dataSource
org.springframework.boot.autoconfigure.jdbc.DataSourceAutoConfiguration$PooledDataSourceConfiguration
org.springframework.boot.autoconfigure.jdbc.metadata.DataSourcePoolMetadataProvidersConfiguration$HikariPoolDataSourceMetadataProviderConfiguration
hikariPoolDataSourceMetadataProvider
org.springframework.boot.autoconfigure.jdbc.metadata.DataSourcePoolMetadataProvidersConfiguration
org.springframework.boot.autoconfigure.jdbc.DataSourceAutoConfiguration
spring.datasource-org.springframework.boot.autoconfigure.jdbc.DataSourceProperties
org.springframework.boot.autoconfigure.orm.jpa.JpaBaseConfiguration$JpaWebConfiguration
openEntityManagerInViewInterceptor
openEntityManagerInViewInterceptorConfigurer
org.springframework.boot.autoconfigure.orm.jpa.HibernateJpaConfiguration
transactionManager
jpaVendorAdapter
entityManagerFactoryBuilder
entityManagerFactory
spring.jpa.hibernate-org.springframework.boot.autoconfigure.orm.jpa.HibernateProperties
spring.jpa-org.springframework.boot.autoconfigure.orm.jpa.JpaProperties
org.springframework.boot.autoconfigure.orm.jpa.HibernateJpaAutoConfiguration
org.springframework.boot.autoconfigure.data.redis.RedisAutoConfiguration
spring.redis-org.springframework.boot.autoconfigure.data.redis.RedisProperties
java.lang.Object
org.springframework.boot.actuate.autoconfigure.web.servlet.ServletManagementContextAutoConfiguration
servletWebChildContextFactory
managementServletContext
org.springframework.boot.actuate.autoconfigure.health.HealthEndpointConfiguration
healthStatusAggregator
healthHttpCodeStatusMapper
healthEndpointGroups
healthContributorRegistry
healthEndpoint
healthEndpointGroupsBeanPostProcessor
org.springframework.boot.actuate.autoconfigure.health.HealthEndpointWebExtensionConfiguration
healthEndpointWebExtension
org.springframework.boot.actuate.autoconfigure.health.HealthEndpointAutoConfiguration
management.endpoint.health-org.springframework.boot.actuate.autoconfigure.health.HealthEndpointProperties
org.springframework.boot.autoconfigure.info.ProjectInfoAutoConfiguration
spring.info-org.springframework.boot.autoconfigure.info.ProjectInfoProperties
org.springframework.boot.actuate.autoconfigure.info.InfoContributorAutoConfiguration
envInfoContributor
management.info-org.springframework.boot.actuate.autoconfigure.info.InfoContributorProperties
org.springframework.boot.actuate.autoconfigure.endpoint.EndpointAutoConfiguration
endpointOperationParameterMapper
endpointCachingOperationInvokerAdvisor
org.springframework.boot.actuate.autoconfigure.endpoint.web.WebEndpointAutoConfiguration$WebEndpointServletConfiguration
servletEndpointDiscoverer
org.springframework.boot.actuate.autoconfigure.endpoint.web.WebEndpointAutoConfiguration
webEndpointPathMapper
endpointMediaTypes
webEndpointDiscoverer
controllerEndpointDiscoverer
pathMappedEndpoints
webExposeExcludePropertyEndpointFilter
controllerExposeExcludePropertyEndpointFilter
management.endpoints.web-org.springframework.boot.actuate.autoconfigure.endpoint.web.WebEndpointProperties
org.springframework.boot.actuate.autoconfigure.system.DiskSpaceHealthContributorAutoConfiguration
diskSpaceHealthIndicator
management.health.diskspace-org.springframework.boot.actuate.autoconfigure.system.DiskSpaceHealthIndicatorProperties
org.springframework.boot.actuate.autoconfigure.health.HealthContributorAutoConfiguration
pingHealthContributor
org.springframework.boot.actuate.autoconfigure.jdbc.DataSourceHealthContributorAutoConfiguration
dbHealthContributor
management.health.db-org.springframework.boot.actuate.autoconfigure.jdbc.DataSourceHealthIndicatorProperties
org.springframework.boot.actuate.autoconfigure.metrics.MetricsAutoConfiguration
micrometerClock
meterRegistryPostProcessor
propertiesMeterFilter
management.metrics-org.springframework.boot.actuate.autoconfigure.metrics.MetricsProperties
org.springframework.boot.actuate.autoconfigure.metrics.export.simple.SimpleMetricsExportAutoConfiguration
simpleMeterRegistry
simpleConfig
management.metrics.export.simple-org.springframework.boot.actuate.autoconfigure.metrics.export.simple.SimpleProperties
org.springframework.boot.actuate.autoconfigure.metrics.CompositeMeterRegistryAutoConfiguration
org.springframework.boot.actuate.autoconfigure.metrics.JvmMetricsAutoConfiguration
jvmGcMetrics
jvmMemoryMetrics
jvmThreadMetrics
classLoaderMetrics
org.springframework.boot.actuate.autoconfigure.metrics.LogbackMetricsAutoConfiguration
logbackMetrics
org.springframework.boot.actuate.autoconfigure.metrics.SystemMetricsAutoConfiguration
uptimeMetrics
processorMetrics
fileDescriptorMetrics
org.springframework.boot.actuate.autoconfigure.metrics.data.RepositoryMetricsAutoConfiguration
repositoryTagsProvider
metricsRepositoryMethodInvocationListener
metricsRepositoryMethodInvocationListenerBeanPostProcessor
org.springframework.boot.actuate.autoconfigure.metrics.integration.IntegrationMetricsAutoConfiguration
org.springframework.boot.actuate.autoconfigure.metrics.jdbc.DataSourcePoolMetricsAutoConfiguration$HikariDataSourceMetricsConfiguration
org.springframework.boot.actuate.autoconfigure.metrics.jdbc.DataSourcePoolMetricsAutoConfiguration$DataSourcePoolMetadataMetricsConfiguration
org.springframework.boot.actuate.autoconfigure.metrics.jdbc.DataSourcePoolMetricsAutoConfiguration
org.springframework.boot.autoconfigure.http.HttpMessageConvertersAutoConfiguration$StringHttpMessageConverterConfiguration
stringHttpMessageConverter
org.springframework.boot.autoconfigure.http.JacksonHttpMessageConvertersConfiguration$MappingJackson2HttpMessageConverterConfiguration
mappingJackson2HttpMessageConverter
org.springframework.boot.autoconfigure.http.JacksonHttpMessageConvertersConfiguration
org.springframework.boot.autoconfigure.http.HttpMessageConvertersAutoConfiguration
messageConverters
org.springframework.boot.autoconfigure.web.client.RestTemplateAutoConfiguration
restTemplateBuilderConfigurer
restTemplateBuilder
org.springframework.boot.actuate.autoconfigure.metrics.web.client.RestTemplateMetricsConfiguration
restTemplateExchangeTagsProvider
metricsRestTemplateCustomizer
org.springframework.boot.actuate.autoconfigure.metrics.web.client.HttpClientMetricsAutoConfiguration
metricsHttpClientUriTagFilter
org.springframework.boot.actuate.autoconfigure.metrics.web.servlet.WebMvcMetricsAutoConfiguration
webMvcTagsProvider
webMvcMetricsFilter
metricsHttpServerUriTagFilter
metricsWebMvcConfigurer
org.springframework.boot.actuate.autoconfigure.metrics.web.tomcat.TomcatMetricsAutoConfiguration
tomcatMetricsBinder
org.springframework.boot.autoconfigure.jdbc.JdbcTemplateConfiguration
jdbcTemplate
org.springframework.boot.autoconfigure.jdbc.NamedParameterJdbcTemplateConfiguration
namedParameterJdbcTemplate
org.springframework.boot.autoconfigure.jdbc.JdbcTemplateAutoConfiguration
spring.jdbc-org.springframework.boot.autoconfigure.jdbc.JdbcProperties
org.springframework.boot.sql.init.dependency.DatabaseInitializationDependencyConfigurer$DependsOnDatabaseInitializationPostProcessor
org.springframework.boot.autoconfigure.session.SessionAutoConfiguration$ServletSessionRepositoryImplementationValidator
org.springframework.boot.autoconfigure.session.NoOpSessionConfiguration
org.springframework.boot.autoconfigure.session.SessionAutoConfiguration$ServletSessionConfiguration$ServletSessionRepositoryConfiguration
org.springframework.boot.autoconfigure.session.SessionAutoConfiguration$ServletSessionConfiguration$RememberMeServicesConfiguration
rememberMeServicesCookieSerializerCustomizer
org.springframework.boot.autoconfigure.session.SessionAutoConfiguration$ServletSessionRepositoryValidator
org.springframework.boot.autoconfigure.session.SessionAutoConfiguration$ServletSessionConfiguration
cookieSerializer
org.springframework.boot.autoconfigure.session.SessionAutoConfiguration
spring.session-org.springframework.boot.autoconfigure.session.SessionProperties
org.springframework.boot.autoconfigure.aop.AopAutoConfiguration$AspectJAutoProxyingConfiguration$CglibAutoProxyConfiguration
org.springframework.aop.config.internalAutoProxyCreator
org.springframework.boot.autoconfigure.aop.AopAutoConfiguration$AspectJAutoProxyingConfiguration
org.springframework.boot.autoconfigure.aop.AopAutoConfiguration
org.springframework.boot.autoconfigure.context.ConfigurationPropertiesAutoConfiguration
org.springframework.boot.autoconfigure.context.LifecycleAutoConfiguration
lifecycleProcessor
spring.lifecycle-org.springframework.boot.autoconfigure.context.LifecycleProperties
org.springframework.boot.autoconfigure.dao.PersistenceExceptionTranslationAutoConfiguration
persistenceExceptionTranslationPostProcessor
org.springframework.boot.autoconfigure.data.jpa.JpaRepositoriesAutoConfiguration
emBeanDefinitionRegistrarPostProcessor
jpaMappingContext
jpaContext
org.springframework.data.jpa.util.JpaMetamodelCacheCleanup
org.springframework.data.jpa.repository.support.JpaEvaluationContextExtension
menuRepository
accountRepository
org.springframework.data.web.config.ProjectingArgumentResolverRegistrar
projectingArgumentResolverBeanPostProcessor
org.springframework.data.web.config.SpringDataWebConfiguration
pageableResolver
sortResolver
org.springframework.data.web.config.SpringDataJacksonConfiguration
jacksonGeoModule
org.springframework.boot.autoconfigure.data.web.SpringDataWebAutoConfiguration
pageableCustomizer
sortCustomizer
spring.data.web-org.springframework.boot.autoconfigure.data.web.SpringDataWebProperties
org.springframework.boot.autoconfigure.security.servlet.SecurityAutoConfiguration
authenticationEventPublisher
spring.security-org.springframework.boot.autoconfigure.security.SecurityProperties
org.springframework.boot.autoconfigure.security.servlet.SecurityFilterAutoConfiguration
securityFilterChainRegistration
org.springframework.boot.autoconfigure.sql.init.DataSourceInitializationConfiguration
dataSourceScriptDatabaseInitializer
org.springframework.boot.autoconfigure.sql.init.SqlInitializationAutoConfiguration
spring.sql.init-org.springframework.boot.autoconfigure.sql.init.SqlInitializationProperties
org.springframework.boot.autoconfigure.task.TaskSchedulingAutoConfiguration
scheduledBeanLazyInitializationExcludeFilter
taskSchedulerBuilder
spring.task.scheduling-org.springframework.boot.autoconfigure.task.TaskSchedulingProperties
org.springframework.boot.autoconfigure.thymeleaf.ThymeleafAutoConfiguration$ThymeleafJava8TimeDialect
java8TimeDialect
org.springframework.boot.autoconfigure.thymeleaf.ThymeleafAutoConfiguration$ThymeleafWebMvcConfiguration$ThymeleafViewResolverConfiguration
thymeleafViewResolver
org.springframework.boot.autoconfigure.thymeleaf.ThymeleafAutoConfiguration$ThymeleafWebMvcConfiguration
org.springframework.boot.autoconfigure.thymeleaf.ThymeleafAutoConfiguration$ThymeleafDefaultConfiguration
templateEngine
org.springframework.boot.autoconfigure.thymeleaf.ThymeleafAutoConfiguration$DefaultTemplateResolverConfiguration
defaultTemplateResolver
org.springframework.boot.autoconfigure.thymeleaf.ThymeleafAutoConfiguration
spring.thymeleaf-org.springframework.boot.autoconfigure.thymeleaf.ThymeleafProperties
org.springframework.boot.autoconfigure.jdbc.DataSourceTransactionManagerAutoConfiguration$JdbcTransactionManagerConfiguration
org.springframework.boot.autoconfigure.jdbc.DataSourceTransactionManagerAutoConfiguration
org.springframework.transaction.annotation.ProxyTransactionManagementConfiguration
org.springframework.transaction.config.internalTransactionAdvisor
transactionAttributeSource
transactionInterceptor
org.springframework.transaction.config.internalTransactionalEventListenerFactory
org.springframework.boot.autoconfigure.transaction.TransactionAutoConfiguration$EnableTransactionManagementConfiguration$CglibAutoProxyConfiguration
org.springframework.boot.autoconfigure.transaction.TransactionAutoConfiguration$EnableTransactionManagementConfiguration
org.springframework.boot.autoconfigure.transaction.TransactionAutoConfiguration$TransactionTemplateConfiguration
transactionTemplate
org.springframework.boot.autoconfigure.transaction.TransactionAutoConfiguration
platformTransactionManagerCustomizers
spring.transaction-org.springframework.boot.autoconfigure.transaction.TransactionProperties
org.springframework.boot.autoconfigure.web.embedded.EmbeddedWebServerFactoryCustomizerAutoConfiguration$TomcatWebServerFactoryCustomizerConfiguration
tomcatWebServerFactoryCustomizer
org.springframework.boot.autoconfigure.web.embedded.EmbeddedWebServerFactoryCustomizerAutoConfiguration
org.springframework.boot.autoconfigure.web.servlet.HttpEncodingAutoConfiguration
characterEncodingFilter
localeCharsetMappingsCustomizer
org.springframework.boot.autoconfigure.web.servlet.MultipartAutoConfiguration
spring.servlet.multipart-org.springframework.boot.autoconfigure.web.servlet.MultipartProperties
org.springframework.ws.config.annotation.DelegatingWsConfiguration
payloadRootAnnotationMethodEndpointMapping
soapActionAnnotationMethodEndpointMapping
annotationActionEndpointMapping
defaultMethodEndpointAdapter
soapFaultAnnotationExceptionResolver
simpleSoapExceptionResolver
org.springframework.boot.autoconfigure.webservices.WebServicesAutoConfiguration$WsConfiguration
org.springframework.boot.autoconfigure.webservices.WebServicesAutoConfiguration
messageDispatcherServlet
spring.webservices-org.springframework.boot.autoconfigure.webservices.WebServicesProperties
org.springframework.boot.autoconfigure.webservices.client.WebServiceTemplateAutoConfiguration
webServiceTemplateBuilder
org.springframework.boot.actuate.autoconfigure.endpoint.web.ServletEndpointManagementContextConfiguration$WebMvcServletEndpointManagementContextConfiguration
servletEndpointRegistrar
org.springframework.boot.actuate.autoconfigure.endpoint.web.ServletEndpointManagementContextConfiguration
servletExposeExcludePropertyEndpointFilter
org.springframework.boot.actuate.autoconfigure.endpoint.web.servlet.WebMvcEndpointManagementContextConfiguration
webEndpointServletHandlerMapping
controllerEndpointHandlerMapping
management.endpoints.web.cors-org.springframework.boot.actuate.autoconfigure.endpoint.web.CorsEndpointProperties
org.springframework.boot.actuate.autoconfigure.security.servlet.SecurityRequestMatchersManagementContextConfiguration$MvcRequestMatcherConfiguration
requestMatcherProvider
org.springframework.boot.actuate.autoconfigure.security.servlet.SecurityRequestMatchersManagementContextConfiguration
org.springframework.boot.actuate.autoconfigure.web.server.ManagementContextAutoConfiguration$SameManagementContextConfiguration$EnableSameManagementContextConfiguration
org.springframework.boot.actuate.autoconfigure.web.server.ManagementContextAutoConfiguration$SameManagementContextConfiguration
org.springframework.boot.actuate.autoconfigure.web.server.ManagementContextAutoConfiguration
management.server-org.springframework.boot.actuate.autoconfigure.web.server.ManagementServerProperties
org.springframework.orm.jpa.SharedEntityManagerCreator#0
]]></system-out>
  <system-err><![CDATA[Loading class `com.mysql.jdbc.Driver'. This is deprecated. The new driver class is `com.mysql.cj.jdbc.Driver'. The driver is automatically registered via the SPI and manual loading of the driver class is generally unnecessary.
]]></system-err>
</testsuite>
