<?xml version="1.0" encoding="UTF-8"?>
<testsuite name="com.web.relocation.RelocationApplicationTests" tests="1" skipped="0" failures="0" errors="0" timestamp="2022-01-24T07:48:20" hostname="MacBook-Pro-2.local" time="0.124">
  <properties/>
  <testcase name="contextLoads()" classname="com.web.relocation.RelocationApplicationTests" time="0.124"/>
  <system-out><![CDATA[16:48:07.839 [Test worker] DEBUG org.springframework.test.context.BootstrapUtils - Instantiating CacheAwareContextLoaderDelegate from class [org.springframework.test.context.cache.DefaultCacheAwareContextLoaderDelegate]
16:48:07.854 [Test worker] DEBUG org.springframework.test.context.BootstrapUtils - Instantiating BootstrapContext using constructor [public org.springframework.test.context.support.DefaultBootstrapContext(java.lang.Class,org.springframework.test.context.CacheAwareContextLoaderDelegate)]
16:48:07.906 [Test worker] DEBUG org.springframework.test.context.BootstrapUtils - Instantiating TestContextBootstrapper for test class [com.web.relocation.RelocationApplicationTests] from class [org.springframework.boot.test.context.SpringBootTestContextBootstrapper]
16:48:07.932 [Test worker] INFO org.springframework.boot.test.context.SpringBootTestContextBootstrapper - Neither @ContextConfiguration nor @ContextHierarchy found for test class [com.web.relocation.RelocationApplicationTests], using SpringBootContextLoader
16:48:07.937 [Test worker] DEBUG org.springframework.test.context.support.AbstractContextLoader - Did not detect default resource location for test class [com.web.relocation.RelocationApplicationTests]: class path resource [com/web/relocation/RelocationApplicationTests-context.xml] does not exist
16:48:07.937 [Test worker] DEBUG org.springframework.test.context.support.AbstractContextLoader - Did not detect default resource location for test class [com.web.relocation.RelocationApplicationTests]: class path resource [com/web/relocation/RelocationApplicationTestsContext.groovy] does not exist
16:48:07.938 [Test worker] INFO org.springframework.test.context.support.AbstractContextLoader - Could not detect default resource locations for test class [com.web.relocation.RelocationApplicationTests]: no resource found for suffixes {-context.xml, Context.groovy}.
16:48:07.939 [Test worker] INFO org.springframework.test.context.support.AnnotationConfigContextLoaderUtils - Could not detect default configuration classes for test class [com.web.relocation.RelocationApplicationTests]: RelocationApplicationTests does not declare any static, non-private, non-final, nested classes annotated with @Configuration.
16:48:08.003 [Test worker] DEBUG org.springframework.test.context.support.ActiveProfilesUtils - Could not find an 'annotation declaring class' for annotation type [org.springframework.test.context.ActiveProfiles] and class [com.web.relocation.RelocationApplicationTests]
16:48:08.097 [Test worker] DEBUG org.springframework.context.annotation.ClassPathScanningCandidateComponentProvider - Identified candidate component class: file [/Users/hym/Desktop/javaRoot/relocation-web/build/classes/java/main/com/web/relocation/RelocationApplication.class]
16:48:08.099 [Test worker] INFO org.springframework.boot.test.context.SpringBootTestContextBootstrapper - Found @SpringBootConfiguration com.web.relocation.RelocationApplication for test class com.web.relocation.RelocationApplicationTests
16:48:08.235 [Test worker] DEBUG org.springframework.boot.test.context.SpringBootTestContextBootstrapper - @TestExecutionListeners is not present for class [com.web.relocation.RelocationApplicationTests]: using defaults.
16:48:08.236 [Test worker] INFO org.springframework.boot.test.context.SpringBootTestContextBootstrapper - Loaded default TestExecutionListener class names from location [META-INF/spring.factories]: [org.springframework.security.test.context.support.WithSecurityContextTestExecutionListener, org.springframework.security.test.context.support.ReactorContextTestExecutionListener, org.springframework.boot.test.autoconfigure.restdocs.RestDocsTestExecutionListener, org.springframework.boot.test.autoconfigure.web.client.MockRestServiceServerResetTestExecutionListener, org.springframework.boot.test.autoconfigure.web.servlet.MockMvcPrintOnlyOnFailureTestExecutionListener, org.springframework.boot.test.autoconfigure.web.servlet.WebDriverTestExecutionListener, org.springframework.boot.test.autoconfigure.webservices.client.MockWebServiceServerTestExecutionListener, org.springframework.boot.test.mock.mockito.MockitoTestExecutionListener, org.springframework.boot.test.mock.mockito.ResetMocksTestExecutionListener, org.springframework.test.context.web.ServletTestExecutionListener, org.springframework.test.context.support.DirtiesContextBeforeModesTestExecutionListener, org.springframework.test.context.event.ApplicationEventsTestExecutionListener, org.springframework.test.context.support.DependencyInjectionTestExecutionListener, org.springframework.test.context.support.DirtiesContextTestExecutionListener, org.springframework.test.context.transaction.TransactionalTestExecutionListener, org.springframework.test.context.jdbc.SqlScriptsTestExecutionListener, org.springframework.test.context.event.EventPublishingTestExecutionListener]
16:48:08.266 [Test worker] INFO org.springframework.boot.test.context.SpringBootTestContextBootstrapper - Using TestExecutionListeners: [org.springframework.test.context.web.ServletTestExecutionListener@d816dde, org.springframework.test.context.support.DirtiesContextBeforeModesTestExecutionListener@6e33c391, org.springframework.test.context.event.ApplicationEventsTestExecutionListener@6c451c9c, org.springframework.boot.test.mock.mockito.MockitoTestExecutionListener@31c269fd, org.springframework.boot.test.autoconfigure.SpringBootDependencyInjectionTestExecutionListener@372b0d86, org.springframework.test.context.support.DirtiesContextTestExecutionListener@47747fb9, org.springframework.test.context.transaction.TransactionalTestExecutionListener@3113a37, org.springframework.test.context.jdbc.SqlScriptsTestExecutionListener@213e3629, org.springframework.security.test.context.support.WithSecurityContextTestExecutionListener@4e9658b5, org.springframework.test.context.event.EventPublishingTestExecutionListener@2a7b6f69, org.springframework.security.test.context.support.ReactorContextTestExecutionListener@20312893, org.springframework.boot.test.autoconfigure.restdocs.RestDocsTestExecutionListener@70eecdc2, org.springframework.boot.test.autoconfigure.web.client.MockRestServiceServerResetTestExecutionListener@c41709a, org.springframework.boot.test.autoconfigure.web.servlet.MockMvcPrintOnlyOnFailureTestExecutionListener@7db0565c, org.springframework.boot.test.autoconfigure.web.servlet.WebDriverTestExecutionListener@54ec8cc9, org.springframework.boot.test.autoconfigure.webservices.client.MockWebServiceServerTestExecutionListener@52eacb4b, org.springframework.boot.test.mock.mockito.ResetMocksTestExecutionListener@5528a42c]
16:48:08.274 [Test worker] DEBUG org.springframework.test.context.support.AbstractDirtiesContextTestExecutionListener - Before test class: context [DefaultTestContext@22680f52 testClass = RelocationApplicationTests, testInstance = [null], testMethod = [null], testException = [null], mergedContextConfiguration = [WebMergedContextConfiguration@60d84f61 testClass = RelocationApplicationTests, locations = '{}', classes = '{class com.web.relocation.RelocationApplication}', contextInitializerClasses = '[]', activeProfiles = '{}', propertySourceLocations = '{}', propertySourceProperties = '{org.springframework.boot.test.context.SpringBootTestContextBootstrapper=true}', contextCustomizers = set[org.springframework.boot.test.autoconfigure.actuate.metrics.MetricsExportContextCustomizerFactory$DisableMetricExportContextCustomizer@6bea52d4, org.springframework.boot.test.autoconfigure.properties.PropertyMappingContextCustomizer@0, org.springframework.boot.test.autoconfigure.web.servlet.WebDriverContextCustomizerFactory$Customizer@a202ccb, org.springframework.boot.test.context.filter.ExcludeFilterContextCustomizer@3a3e4aff, org.springframework.boot.test.json.DuplicateJsonObjectContextCustomizerFactory$DuplicateJsonObjectContextCustomizer@3f0846c6, org.springframework.boot.test.mock.mockito.MockitoContextCustomizer@0, org.springframework.boot.test.web.client.TestRestTemplateContextCustomizer@4044fb95, org.springframework.boot.test.context.SpringBootTestArgs@1, org.springframework.boot.test.context.SpringBootTestWebEnvironment@4b86805d], resourceBasePath = 'src/main/webapp', contextLoader = 'org.springframework.boot.test.context.SpringBootContextLoader', parent = [null]], attributes = map['org.springframework.test.context.web.ServletTestExecutionListener.activateListener' -> true]], class annotated with @DirtiesContext [false] with mode [null].
16:48:08.335 [Test worker] DEBUG org.springframework.test.context.support.TestPropertySourceUtils - Adding inlined properties to environment: {spring.jmx.enabled=false, org.springframework.boot.test.context.SpringBootTestContextBootstrapper=true}

  .   ____          _            __ _ _
 /\\ / ___'_ __ _ _(_)_ __  __ _ \ \ \ \
( ( )\___ | '_ | '_| | '_ \/ _` | \ \ \ \
 \\/  ___)| |_)| | | | | || (_| |  ) ) ) )
  '  |____| .__|_| |_|_| |_\__, | / / / /
 =========|_|==============|___/=/_/_/_/
 :: Spring Boot ::                (v2.5.1)

INFO  22-01-24 16:48:13[Test worker] [RelocationApplicationTests:55] - Starting RelocationApplicationTests using Java 11.0.11 on MacBook-Pro-2.local with PID 14595 (started by godo in /Users/hym/Desktop/javaRoot/relocation-web)
INFO  22-01-24 16:48:13[Test worker] [RelocationApplicationTests:659] - No active profile set, falling back to default profiles: default
INFO  22-01-24 16:48:15[Test worker] [RepositoryConfigurationDelegate:262] - Multiple Spring Data modules found, entering strict repository configuration mode!
INFO  22-01-24 16:48:15[Test worker] [RepositoryConfigurationDelegate:132] - Bootstrapping Spring Data JPA repositories in DEFAULT mode.
INFO  22-01-24 16:48:15[Test worker] [RepositoryConfigurationDelegate:201] - Finished Spring Data repository scanning in 68 ms. Found 2 JPA repository interfaces.
INFO  22-01-24 16:48:15[Test worker] [PostProcessorRegistrationDelegate$BeanPostProcessorChecker:376] - Bean 'org.springframework.ws.config.annotation.DelegatingWsConfiguration' of type [org.springframework.ws.config.annotation.DelegatingWsConfiguration$$EnhancerBySpringCGLIB$$6c044e90] is not eligible for getting processed by all BeanPostProcessors (for example: not eligible for auto-proxying)
INFO  22-01-24 16:48:15[Test worker] [AnnotationActionEndpointMapping:239] - Supporting [WS-Addressing August 2004, WS-Addressing 1.0]
INFO  22-01-24 16:48:15[Test worker] [HikariDataSource:110] - HikariPool-1 - Starting...
INFO  22-01-24 16:48:16[Test worker] [HikariDataSource:123] - HikariPool-1 - Start completed.
INFO  22-01-24 16:48:16[Test worker] [LogHelper:31] - HHH000204: Processing PersistenceUnitInfo [name: default]
INFO  22-01-24 16:48:16[Test worker] [Version:44] - HHH000412: Hibernate ORM core version 5.4.32.Final
INFO  22-01-24 16:48:16[Test worker] [Version:56] - HCANN000001: Hibernate Commons Annotations {5.1.2.Final}
INFO  22-01-24 16:48:16[Test worker] [Dialect:175] - HHH000400: Using dialect: org.hibernate.dialect.MySQL5InnoDBDialect
INFO  22-01-24 16:48:17[Test worker] [JtaPlatformInitiator:52] - HHH000490: Using JtaPlatform implementation: [org.hibernate.engine.transaction.jta.platform.internal.NoJtaPlatform]
INFO  22-01-24 16:48:17[Test worker] [LocalContainerEntityManagerFactoryBean:437] - Initialized JPA EntityManagerFactory for persistence unit 'default'
WARN  22-01-24 16:48:17[Test worker] [JpaBaseConfiguration$JpaWebConfiguration:219] - spring.jpa.open-in-view is enabled by default. Therefore, database queries may be performed during view rendering. Explicitly configure spring.jpa.open-in-view to disable this warning
INFO  22-01-24 16:48:18[Test worker] [DefaultSecurityFilterChain:51] - Will secure Ant [pattern='resources/static/css/**'] with []
INFO  22-01-24 16:48:18[Test worker] [DefaultSecurityFilterChain:51] - Will secure Ant [pattern='resources/static/js/**'] with []
INFO  22-01-24 16:48:18[Test worker] [DefaultSecurityFilterChain:51] - Will secure Ant [pattern='resources/static/img/**'] with []
INFO  22-01-24 16:48:18[Test worker] [DefaultSecurityFilterChain:51] - Will secure any request with [org.springframework.security.web.context.request.async.WebAsyncManagerIntegrationFilter@39aaa7db, org.springframework.security.web.context.SecurityContextPersistenceFilter@3393aa46, org.springframework.security.web.header.HeaderWriterFilter@2afa1b1a, org.springframework.security.web.authentication.logout.LogoutFilter@56dae6, org.springframework.security.web.authentication.UsernamePasswordAuthenticationFilter@1c3eeda4, org.springframework.security.web.session.ConcurrentSessionFilter@75c0e6be, org.springframework.security.web.authentication.www.BasicAuthenticationFilter@61b11d35, org.springframework.security.web.savedrequest.RequestCacheAwareFilter@633dce39, org.springframework.security.web.servletapi.SecurityContextHolderAwareRequestFilter@4ed7db72, org.springframework.security.web.authentication.AnonymousAuthenticationFilter@14a3a66c, org.springframework.security.web.session.SessionManagementFilter@1e8c9083, org.springframework.security.web.access.ExceptionTranslationFilter@48900d4a, org.springframework.security.web.access.intercept.FilterSecurityInterceptor@10b063fd]
INFO  22-01-24 16:48:19[Test worker] [WelcomePageHandlerMapping:57] - Adding welcome page template: index
INFO  22-01-24 16:48:20[Test worker] [EndpointLinksResolver:58] - Exposing 1 endpoint(s) beneath base path '/actuator'
INFO  22-01-24 16:48:20[Test worker] [RelocationApplicationTests:61] - Started RelocationApplicationTests in 11.754 seconds (JVM running for 13.388)
]]></system-out>
  <system-err><![CDATA[Loading class `com.mysql.jdbc.Driver'. This is deprecated. The new driver class is `com.mysql.cj.jdbc.Driver'. The driver is automatically registered via the SPI and manual loading of the driver class is generally unnecessary.
]]></system-err>
</testsuite>
